Using pre-set license
Built from '2020.3/staging' branch; Version is '2020.3.30f1 (1fb1bf06830e) revision 2077119'; Using compiler version '192528614'; Build Type 'Release'
OS: 'Windows 10  (10.0.18363) 64bit Professional' Language: 'en' Physical Memory: 32726 MB
BatchMode: 1, IsHumanControllingUs: 0, StartBugReporterOnCrash: 0, Is64bit: 1, IsPro: 0

COMMAND LINE ARGUMENTS:
D:\UnityEditor\Unity 2020.3.30f1\Editor\Unity.exe
-adb2
-batchMode
-noUpm
-name
AssetImportWorker0
-projectPath
D:/KoolGamesTest/KoolGamesTest
-logFile
Logs/AssetImportWorker0.log
-srvPort
61704
Successfully changed project path to: D:/KoolGamesTest/KoolGamesTest
D:/KoolGamesTest/KoolGamesTest
Using Asset Import Pipeline V2.
Refreshing native plugins compatible for Editor in 30.80 ms, found 2 plugins.
Preloading 0 native plugins for Editor in 0.00 ms.
Initialize engine version: 2020.3.30f1 (1fb1bf06830e)
[Subsystems] Discovering subsystems at path D:/UnityEditor/Unity 2020.3.30f1/Editor/Data/Resources/UnitySubsystems
[Subsystems] Discovering subsystems at path D:/KoolGamesTest/KoolGamesTest/Assets
GfxDevice: creating device client; threaded=0
Direct3D:
    Version:  Direct3D 11.0 [level 11.1]
    Renderer: NVIDIA GeForce RTX 2070 (ID=0x1f07)
    Vendor:   
    VRAM:     8031 MB
    Driver:   31.0.15.1659
Initialize mono
Mono path[0] = 'D:/UnityEditor/Unity 2020.3.30f1/Editor/Data/Managed'
Mono path[1] = 'D:/UnityEditor/Unity 2020.3.30f1/Editor/Data/MonoBleedingEdge/lib/mono/unityjit'
Mono config path = 'D:/UnityEditor/Unity 2020.3.30f1/Editor/Data/MonoBleedingEdge/etc'
Using monoOptions --debugger-agent=transport=dt_socket,embedding=1,server=y,suspend=n,address=127.0.0.1:56096
Begin MonoManager ReloadAssembly
Registering precompiled unity dll's ...
Register platform support module: D:/UnityEditor/Unity 2020.3.30f1/Editor/Data/PlaybackEngines/WindowsStandaloneSupport/UnityEditor.WindowsStandalone.Extensions.dll
Registered in 0.000831 seconds.
Native extension for WindowsStandalone target not found
Refreshing native plugins compatible for Editor in 28.06 ms, found 2 plugins.
Preloading 0 native plugins for Editor in 0.00 ms.
Mono: successfully reloaded assembly
- Completed reload, in  0.488 seconds
Domain Reload Profiling:
	ReloadAssembly (488ms)
		BeginReloadAssembly (55ms)
			ExecutionOrderSort (0ms)
			DisableScriptedObjects (0ms)
			BackupInstance (0ms)
			ReleaseScriptingObjects (0ms)
			CreateAndSetChildDomain (1ms)
		EndReloadAssembly (377ms)
			LoadAssemblies (54ms)
			RebuildTransferFunctionScriptingTraits (0ms)
			SetupTypeCache (128ms)
			ReleaseScriptCaches (0ms)
			RebuildScriptCaches (29ms)
			SetupLoadedEditorAssemblies (138ms)
				LogAssemblyErrors (0ms)
				InitializePlatformSupportModulesInManaged (4ms)
				SetLoadedEditorAssemblies (0ms)
				RefreshPlugins (28ms)
				BeforeProcessingInitializeOnLoad (11ms)
				ProcessInitializeOnLoadAttributes (70ms)
				ProcessInitializeOnLoadMethodAttributes (25ms)
				AfterProcessingInitializeOnLoad (0ms)
				EditorAssembliesLoaded (0ms)
			ExecutionOrderSort2 (0ms)
			AwakeInstancesAfterBackupRestoration (0ms)
Platform modules already initialized, skipping
Registering precompiled user dll's ...
Registered in 0.001854 seconds.
Begin MonoManager ReloadAssembly
Native extension for WindowsStandalone target not found
Refreshing native plugins compatible for Editor in 0.40 ms, found 2 plugins.
Preloading 0 native plugins for Editor in 0.00 ms.
Mono: successfully reloaded assembly
- Completed reload, in  0.813 seconds
Domain Reload Profiling:
	ReloadAssembly (814ms)
		BeginReloadAssembly (127ms)
			ExecutionOrderSort (0ms)
			DisableScriptedObjects (4ms)
			BackupInstance (0ms)
			ReleaseScriptingObjects (0ms)
			CreateAndSetChildDomain (17ms)
		EndReloadAssembly (640ms)
			LoadAssemblies (79ms)
			RebuildTransferFunctionScriptingTraits (0ms)
			SetupTypeCache (225ms)
			ReleaseScriptCaches (0ms)
			RebuildScriptCaches (35ms)
			SetupLoadedEditorAssemblies (234ms)
				LogAssemblyErrors (0ms)
				InitializePlatformSupportModulesInManaged (3ms)
				SetLoadedEditorAssemblies (0ms)
				RefreshPlugins (0ms)
				BeforeProcessingInitializeOnLoad (69ms)
				ProcessInitializeOnLoadAttributes (151ms)
				ProcessInitializeOnLoadMethodAttributes (8ms)
				AfterProcessingInitializeOnLoad (2ms)
				EditorAssembliesLoaded (0ms)
			ExecutionOrderSort2 (0ms)
			AwakeInstancesAfterBackupRestoration (5ms)
Platform modules already initialized, skipping
========================================================================
Worker process is ready to serve import requests
Launched and connected shader compiler UnityShaderCompiler.exe after 0.04 seconds
Refreshing native plugins compatible for Editor in 0.36 ms, found 2 plugins.
Preloading 0 native plugins for Editor in 0.00 ms.
Unloading 1604 Unused Serialized files (Serialized files now loaded: 0)
System memory in use before: 71.6 MB.
System memory in use after: 71.6 MB.

Unloading 29 unused Assets to reduce memory usage. Loaded Objects now: 2026.
Total: 2.745500 ms (FindLiveObjects: 0.165900 ms CreateObjectMapping: 0.056000 ms MarkObjects: 2.444800 ms  DeleteObjects: 0.077800 ms)

AssetImportParameters requested are different than current active one (requested -> active):
  custom:framework-win-MediaFoundation: 216162199b28c13a410421893ffa2e32 -> 
  custom:video-decoder-ogg-theora: a1e56fd34408186e4bbccfd4996cb3dc -> 
  custom:container-muxer-webm: aa71ff27fc2769a1b78a27578f13a17b -> 
  custom:container-demuxer-webm: 4f35f7cbe854078d1ac9338744f61a02 -> 
  custom:container-demuxer-ogg: 62fdf1f143b41e24485cea50d1cbac27 -> 
  custom:video-encoder-webm-vp8: eb34c28f22e8b96e1ab97ce403110664 -> 
  custom:video-decoder-webm-vp8: 9c59270c3fd7afecdb556c50c9e8de78 -> 
  custom:audio-decoder-ogg-vorbis: bf7c407c2cedff20999df2af8eb42d56 -> 
  custom:audio-encoder-webm-vorbis: bf7c407c2cedff20999df2af8eb42d56 -> 
========================================================================
Received Import Request.
  path: Assets/Scenes
  artifactKey: Guid(f7b66c42ee145314083f073e99178630) Importer(815301076,1909f56bfc062723c751e8b465ee728b)
Start importing Assets/Scenes using Guid(f7b66c42ee145314083f073e99178630) Importer(815301076,1909f56bfc062723c751e8b465ee728b)  -> (artifact id: '4bf9865a42ac04deb6d7662984a29e29') in 0.003117 seconds 
========================================================================
Received Import Request.
  Time since last request: 13.647062 seconds.
  path: Assets/New Terrain.asset
  artifactKey: Guid(c0f251f1457d3444fade7488f834ddff) Importer(815301076,1909f56bfc062723c751e8b465ee728b)
Start importing Assets/New Terrain.asset using Guid(c0f251f1457d3444fade7488f834ddff) Importer(815301076,1909f56bfc062723c751e8b465ee728b)  -> (artifact id: 'bc0d578c35c860b958a84784d41988bb') in 0.064065 seconds 
========================================================================
Received Import Request.
  Time since last request: 23.317809 seconds.
  path: Assets
  artifactKey: Guid(00000000000000001000000000000000) Importer(815301076,1909f56bfc062723c751e8b465ee728b)
Start importing Assets using Guid(00000000000000001000000000000000) Importer(815301076,1909f56bfc062723c751e8b465ee728b)  -> (artifact id: '42d402b061de3733987d63b9cc3b64de') in 0.001132 seconds 
========================================================================
Received Import Request.
  Time since last request: 4.558408 seconds.
  path: Assets/Models
  artifactKey: Guid(f0b480f7b398877449ee04bb7e8cf179) Importer(815301076,1909f56bfc062723c751e8b465ee728b)
Start importing Assets/Models using Guid(f0b480f7b398877449ee04bb7e8cf179) Importer(815301076,1909f56bfc062723c751e8b465ee728b)  -> (artifact id: '104152b5eb15c3e31e3c82df6ff65e5d') in 0.001248 seconds 
========================================================================
Received Import Request.
  Time since last request: 12.811523 seconds.
  path: Assets/Models/Terrain
  artifactKey: Guid(7168704dc5d2f564d81688c9d93b3599) Importer(815301076,1909f56bfc062723c751e8b465ee728b)
Start importing Assets/Models/Terrain using Guid(7168704dc5d2f564d81688c9d93b3599) Importer(815301076,1909f56bfc062723c751e8b465ee728b)  -> (artifact id: 'e54cb22d81c6febf0e36f11634ae49a5') in 0.001204 seconds 
========================================================================
Received Import Request.
  Time since last request: 18.441986 seconds.
  path: Assets/Models/Terrain/New Material.mat
  artifactKey: Guid(ecf665fa78806534590adf43572f11f7) Importer(815301076,1909f56bfc062723c751e8b465ee728b)
Start importing Assets/Models/Terrain/New Material.mat using Guid(ecf665fa78806534590adf43572f11f7) Importer(815301076,1909f56bfc062723c751e8b465ee728b)  -> (artifact id: '9942ea0f2f27045b1e389646141909ba') in 0.094064 seconds 
========================================================================
Received Import Request.
  Time since last request: 72.270593 seconds.
  path: Assets/Models/Terrain/TexturesCom_Ground_Sand1_2x2_1K_normal.tif
  artifactKey: Guid(97aa69b2aa298c64ebad7e4a002e5919) Importer(815301076,1909f56bfc062723c751e8b465ee728b)
Start importing Assets/Models/Terrain/TexturesCom_Ground_Sand1_2x2_1K_normal.tif using Guid(97aa69b2aa298c64ebad7e4a002e5919) Importer(815301076,1909f56bfc062723c751e8b465ee728b)  -> (artifact id: 'a089d5599fc966b797fe5a2c056e911c') in 0.019876 seconds 
========================================================================
Received Import Request.
  Time since last request: 1.106283 seconds.
  path: Assets/Models/Terrain/TexturesCom_Ground_Sand1_2x2_1K_albedo.tif
  artifactKey: Guid(6bc7e266aac452b4290bbfd876daefa6) Importer(815301076,1909f56bfc062723c751e8b465ee728b)
Start importing Assets/Models/Terrain/TexturesCom_Ground_Sand1_2x2_1K_albedo.tif using Guid(6bc7e266aac452b4290bbfd876daefa6) Importer(815301076,1909f56bfc062723c751e8b465ee728b)  -> (artifact id: '169ed2da5fa0831d0d9927394c0e8455') in 0.005695 seconds 
========================================================================
Received Import Request.
  Time since last request: 8.510795 seconds.
  path: Assets/Scripts
  artifactKey: Guid(7a3351e2191773643838b93cce58f9eb) Importer(815301076,1909f56bfc062723c751e8b465ee728b)
Start importing Assets/Scripts using Guid(7a3351e2191773643838b93cce58f9eb) Importer(815301076,1909f56bfc062723c751e8b465ee728b)  -> (artifact id: '74b274959eead7357e30703cf09cb597') in 0.001332 seconds 
========================================================================
Received Import Request.
  Time since last request: 21.149671 seconds.
  path: Assets/Scripts/TerrainShader.shader
  artifactKey: Guid(a2306e9ab5564e34fb24111669921f5a) Importer(815301076,1909f56bfc062723c751e8b465ee728b)
Start importing Assets/Scripts/TerrainShader.shader using Guid(a2306e9ab5564e34fb24111669921f5a) Importer(815301076,1909f56bfc062723c751e8b465ee728b)  -> (artifact id: '6712d9f27bbeb35636c86c61dab5e37a') in 0.006935 seconds 
AssetImportWorkerClient::OnTransportError - code=2 error=End of file
